Compiled jquery.js  (2ms)  (pid 1536)
Compiled jquery_ujs.js  (0ms)  (pid 1536)
Compiled twitter/bootstrap/bootstrap-transition.js  (0ms)  (pid 1536)
Compiled twitter/bootstrap/bootstrap-alert.js  (0ms)  (pid 1536)
Compiled twitter/bootstrap/bootstrap-modal.js  (0ms)  (pid 1536)
Compiled twitter/bootstrap/bootstrap-dropdown.js  (0ms)  (pid 1536)
Compiled twitter/bootstrap/bootstrap-scrollspy.js  (0ms)  (pid 1536)
Compiled twitter/bootstrap/bootstrap-tab.js  (0ms)  (pid 1536)
Compiled twitter/bootstrap/bootstrap-tooltip.js  (0ms)  (pid 1536)
Compiled twitter/bootstrap/bootstrap-popover.js  (0ms)  (pid 1536)
Compiled twitter/bootstrap/bootstrap-button.js  (0ms)  (pid 1536)
Compiled twitter/bootstrap/bootstrap-collapse.js  (0ms)  (pid 1536)
Compiled twitter/bootstrap/bootstrap-carousel.js  (0ms)  (pid 1536)
Compiled twitter/bootstrap/bootstrap-typeahead.js  (0ms)  (pid 1536)
Compiled twitter/bootstrap.js  (96ms)  (pid 1536)
Compiled jquery.effects.core.js  (0ms)  (pid 1536)
Compiled jquery.effects.blind.js  (7ms)  (pid 1536)
Compiled jquery.effects.bounce.js  (1ms)  (pid 1536)
Compiled jquery.effects.clip.js  (1ms)  (pid 1536)
Compiled jquery.effects.drop.js  (1ms)  (pid 1536)
Compiled jquery.effects.explode.js  (1ms)  (pid 1536)
Compiled jquery.effects.fade.js  (1ms)  (pid 1536)
Compiled jquery.effects.fold.js  (1ms)  (pid 1536)
Compiled jquery.effects.highlight.js  (1ms)  (pid 1536)
Compiled jquery.effects.pulsate.js  (1ms)  (pid 1536)
Compiled jquery.effects.scale.js  (1ms)  (pid 1536)
Compiled jquery.effects.shake.js  (1ms)  (pid 1536)
Compiled jquery.effects.slide.js  (2ms)  (pid 1536)
Compiled jquery.effects.transfer.js  (1ms)  (pid 1536)
Compiled jquery.ui.core.js  (1ms)  (pid 1536)
Compiled jquery.ui.widget.js  (0ms)  (pid 1536)
Compiled jquery.ui.accordion.js  (12ms)  (pid 1536)
Compiled jquery.ui.position.js  (0ms)  (pid 1536)
Compiled jquery.ui.autocomplete.js  (9ms)  (pid 1536)
Compiled jquery.ui.button.js  (2ms)  (pid 1536)
Compiled jquery.ui.datepicker.js  (1ms)  (pid 1536)
Compiled jquery.ui.dialog.js  (4ms)  (pid 1536)
Compiled jquery.ui.mouse.js  (2ms)  (pid 1536)
Compiled jquery.ui.draggable.js  (11ms)  (pid 1536)
Compiled jquery.ui.droppable.js  (6ms)  (pid 1536)
Compiled jquery.ui.progressbar.js  (2ms)  (pid 1536)
Compiled jquery.ui.resizable.js  (4ms)  (pid 1536)
Compiled jquery.ui.selectable.js  (3ms)  (pid 1536)
Compiled jquery.ui.slider.js  (4ms)  (pid 1536)
Compiled jquery.ui.sortable.js  (4ms)  (pid 1536)
Compiled jquery.ui.tabs.js  (2ms)  (pid 1536)
Compiled jquery.ui.all.js  (383ms)  (pid 1536)
Compiled application.js  (514ms)  (pid 1536)
Compiled twitter/bootstrap.css  (408ms)  (pid 1536)
Compiled jquery.ui.core.css  (1ms)  (pid 1536)
Compiled jquery.ui.theme.css  (145ms)  (pid 1536)
Compiled jquery.ui.accordion.css  (154ms)  (pid 1536)
Compiled jquery.ui.autocomplete.css  (3ms)  (pid 1536)
Compiled jquery.ui.button.css  (4ms)  (pid 1536)
Compiled jquery.ui.datepicker.css  (4ms)  (pid 1536)
Compiled jquery.ui.dialog.css  (3ms)  (pid 1536)
Compiled jquery.ui.progressbar.css  (31ms)  (pid 1536)
Compiled jquery.ui.resizable.css  (3ms)  (pid 1536)
Compiled jquery.ui.selectable.css  (3ms)  (pid 1536)
Compiled jquery.ui.slider.css  (3ms)  (pid 1536)
Compiled jquery.ui.tabs.css  (3ms)  (pid 1536)
Compiled jquery.ui.base.css  (291ms)  (pid 1536)
Compiled jquery.ui.all.css  (301ms)  (pid 1536)
Compiled bootstrap.css  (498ms)  (pid 1536)
Compiled custom.css  (1ms)  (pid 1536)
Compiled application.css  (1259ms)  (pid 1536)
Compiled jquery.js  (1ms)  (pid 1536)
Compiled jquery_ujs.js  (0ms)  (pid 1536)
Compiled twitter/bootstrap/bootstrap-transition.js  (0ms)  (pid 1536)
Compiled twitter/bootstrap/bootstrap-alert.js  (0ms)  (pid 1536)
Compiled twitter/bootstrap/bootstrap-modal.js  (0ms)  (pid 1536)
Compiled twitter/bootstrap/bootstrap-dropdown.js  (0ms)  (pid 1536)
Compiled twitter/bootstrap/bootstrap-scrollspy.js  (0ms)  (pid 1536)
Compiled twitter/bootstrap/bootstrap-tab.js  (0ms)  (pid 1536)
Compiled twitter/bootstrap/bootstrap-tooltip.js  (0ms)  (pid 1536)
Compiled twitter/bootstrap/bootstrap-popover.js  (0ms)  (pid 1536)
Compiled twitter/bootstrap/bootstrap-button.js  (0ms)  (pid 1536)
Compiled twitter/bootstrap/bootstrap-collapse.js  (0ms)  (pid 1536)
Compiled twitter/bootstrap/bootstrap-carousel.js  (0ms)  (pid 1536)
Compiled twitter/bootstrap/bootstrap-typeahead.js  (0ms)  (pid 1536)
Compiled twitter/bootstrap.js  (113ms)  (pid 1536)
Compiled jquery.effects.core.js  (0ms)  (pid 1536)
Compiled jquery.effects.blind.js  (6ms)  (pid 1536)
Compiled jquery.effects.bounce.js  (2ms)  (pid 1536)
Compiled jquery.effects.clip.js  (3ms)  (pid 1536)
Compiled jquery.effects.drop.js  (3ms)  (pid 1536)
Compiled jquery.effects.explode.js  (2ms)  (pid 1536)
Compiled jquery.effects.fade.js  (2ms)  (pid 1536)
Compiled jquery.effects.fold.js  (1ms)  (pid 1536)
Compiled jquery.effects.highlight.js  (2ms)  (pid 1536)
Compiled jquery.effects.pulsate.js  (2ms)  (pid 1536)
Compiled jquery.effects.scale.js  (2ms)  (pid 1536)
Compiled jquery.effects.shake.js  (1ms)  (pid 1536)
Compiled jquery.effects.slide.js  (1ms)  (pid 1536)
Compiled jquery.effects.transfer.js  (1ms)  (pid 1536)
Compiled jquery.ui.core.js  (2ms)  (pid 1536)
Compiled jquery.ui.widget.js  (0ms)  (pid 1536)
Compiled jquery.ui.accordion.js  (57ms)  (pid 1536)
Compiled jquery.ui.position.js  (0ms)  (pid 1536)
Compiled jquery.ui.autocomplete.js  (13ms)  (pid 1536)
Compiled jquery.ui.button.js  (4ms)  (pid 1536)
Compiled jquery.ui.datepicker.js  (3ms)  (pid 1536)
Compiled jquery.ui.dialog.js  (6ms)  (pid 1536)
Compiled jquery.ui.mouse.js  (4ms)  (pid 1536)
Compiled jquery.ui.draggable.js  (23ms)  (pid 1536)
Compiled jquery.ui.droppable.js  (7ms)  (pid 1536)
Compiled jquery.ui.progressbar.js  (4ms)  (pid 1536)
Compiled jquery.ui.resizable.js  (6ms)  (pid 1536)
Compiled jquery.ui.selectable.js  (7ms)  (pid 1536)
Compiled jquery.ui.slider.js  (6ms)  (pid 1536)
Compiled jquery.ui.sortable.js  (6ms)  (pid 1536)
Compiled jquery.ui.tabs.js  (5ms)  (pid 1536)
Compiled jquery.ui.all.js  (465ms)  (pid 1536)
Compiled application.js  (643ms)  (pid 1536)
Compiled twitter/bootstrap.css  (364ms)  (pid 1536)
Compiled jquery.ui.core.css  (1ms)  (pid 1536)
Compiled jquery.ui.theme.css  (13ms)  (pid 1536)
Compiled jquery.ui.accordion.css  (25ms)  (pid 1536)
Compiled jquery.ui.autocomplete.css  (5ms)  (pid 1536)
Compiled jquery.ui.button.css  (3ms)  (pid 1536)
Compiled jquery.ui.datepicker.css  (4ms)  (pid 1536)
Compiled jquery.ui.dialog.css  (4ms)  (pid 1536)
Compiled jquery.ui.progressbar.css  (3ms)  (pid 1536)
Compiled jquery.ui.resizable.css  (3ms)  (pid 1536)
Compiled jquery.ui.selectable.css  (3ms)  (pid 1536)
Compiled jquery.ui.slider.css  (3ms)  (pid 1536)
Compiled jquery.ui.tabs.css  (3ms)  (pid 1536)
Compiled jquery.ui.base.css  (177ms)  (pid 1536)
Compiled jquery.ui.all.css  (189ms)  (pid 1536)
Compiled bootstrap.css  (473ms)  (pid 1536)
Compiled custom.css  (1ms)  (pid 1536)
Compiled application.css  (1049ms)  (pid 1536)
Compiled jquery.js  (2ms)  (pid 2817)
Compiled jquery_ujs.js  (0ms)  (pid 2817)
Compiled twitter/bootstrap/bootstrap-transition.js  (0ms)  (pid 2817)
Compiled twitter/bootstrap/bootstrap-alert.js  (0ms)  (pid 2817)
Compiled twitter/bootstrap/bootstrap-modal.js  (0ms)  (pid 2817)
Compiled twitter/bootstrap/bootstrap-dropdown.js  (0ms)  (pid 2817)
Compiled twitter/bootstrap/bootstrap-scrollspy.js  (0ms)  (pid 2817)
Compiled twitter/bootstrap/bootstrap-tab.js  (0ms)  (pid 2817)
Compiled twitter/bootstrap/bootstrap-tooltip.js  (0ms)  (pid 2817)
Compiled twitter/bootstrap/bootstrap-popover.js  (0ms)  (pid 2817)
Compiled twitter/bootstrap/bootstrap-button.js  (0ms)  (pid 2817)
Compiled twitter/bootstrap/bootstrap-collapse.js  (0ms)  (pid 2817)
Compiled twitter/bootstrap/bootstrap-carousel.js  (0ms)  (pid 2817)
Compiled twitter/bootstrap/bootstrap-typeahead.js  (0ms)  (pid 2817)
Compiled twitter/bootstrap.js  (120ms)  (pid 2817)
Compiled jquery.effects.core.js  (0ms)  (pid 2817)
Compiled jquery.effects.blind.js  (9ms)  (pid 2817)
Compiled jquery.effects.bounce.js  (3ms)  (pid 2817)
Compiled jquery.effects.clip.js  (1ms)  (pid 2817)
Compiled jquery.effects.drop.js  (1ms)  (pid 2817)
Compiled jquery.effects.explode.js  (1ms)  (pid 2817)
Compiled jquery.effects.fade.js  (1ms)  (pid 2817)
Compiled jquery.effects.fold.js  (1ms)  (pid 2817)
Compiled jquery.effects.highlight.js  (1ms)  (pid 2817)
Compiled jquery.effects.pulsate.js  (1ms)  (pid 2817)
Compiled jquery.effects.scale.js  (1ms)  (pid 2817)
Compiled jquery.effects.shake.js  (1ms)  (pid 2817)
Compiled jquery.effects.slide.js  (1ms)  (pid 2817)
Compiled jquery.effects.transfer.js  (2ms)  (pid 2817)
Compiled jquery.ui.core.js  (1ms)  (pid 2817)
Compiled jquery.ui.widget.js  (0ms)  (pid 2817)
Compiled jquery.ui.accordion.js  (12ms)  (pid 2817)
Compiled jquery.ui.position.js  (0ms)  (pid 2817)
Compiled jquery.ui.autocomplete.js  (33ms)  (pid 2817)
Compiled jquery.ui.button.js  (3ms)  (pid 2817)
Compiled jquery.ui.datepicker.js  (1ms)  (pid 2817)
Compiled jquery.ui.dialog.js  (3ms)  (pid 2817)
Compiled jquery.ui.mouse.js  (2ms)  (pid 2817)
Compiled jquery.ui.draggable.js  (11ms)  (pid 2817)
Compiled jquery.ui.droppable.js  (5ms)  (pid 2817)
Compiled jquery.ui.progressbar.js  (2ms)  (pid 2817)
Compiled jquery.ui.resizable.js  (3ms)  (pid 2817)
Compiled jquery.ui.selectable.js  (3ms)  (pid 2817)
Compiled jquery.ui.slider.js  (3ms)  (pid 2817)
Compiled jquery.ui.sortable.js  (3ms)  (pid 2817)
Compiled jquery.ui.tabs.js  (3ms)  (pid 2817)
Compiled jquery.ui.all.js  (364ms)  (pid 2817)
Compiled application.js  (519ms)  (pid 2817)
Compiled twitter/bootstrap.css  (392ms)  (pid 2817)
Compiled jquery.ui.core.css  (1ms)  (pid 2817)
Compiled jquery.ui.theme.css  (145ms)  (pid 2817)
Compiled jquery.ui.accordion.css  (154ms)  (pid 2817)
Compiled jquery.ui.autocomplete.css  (4ms)  (pid 2817)
Compiled jquery.ui.button.css  (4ms)  (pid 2817)
Compiled jquery.ui.datepicker.css  (4ms)  (pid 2817)
Compiled jquery.ui.dialog.css  (3ms)  (pid 2817)
Compiled jquery.ui.progressbar.css  (3ms)  (pid 2817)
Compiled jquery.ui.resizable.css  (3ms)  (pid 2817)
Compiled jquery.ui.selectable.css  (3ms)  (pid 2817)
Compiled jquery.ui.slider.css  (3ms)  (pid 2817)
Compiled jquery.ui.tabs.css  (3ms)  (pid 2817)
Compiled jquery.ui.base.css  (285ms)  (pid 2817)
Compiled jquery.ui.all.css  (294ms)  (pid 2817)
Compiled bootstrap.css  (477ms)  (pid 2817)
Compiled custom.css  (1ms)  (pid 2817)
Compiled application.css  (1187ms)  (pid 2817)
Compiled jquery.js  (2ms)  (pid 2817)
Compiled jquery_ujs.js  (0ms)  (pid 2817)
Compiled twitter/bootstrap/bootstrap-transition.js  (0ms)  (pid 2817)
Compiled twitter/bootstrap/bootstrap-alert.js  (0ms)  (pid 2817)
Compiled twitter/bootstrap/bootstrap-modal.js  (0ms)  (pid 2817)
Compiled twitter/bootstrap/bootstrap-dropdown.js  (0ms)  (pid 2817)
Compiled twitter/bootstrap/bootstrap-scrollspy.js  (0ms)  (pid 2817)
Compiled twitter/bootstrap/bootstrap-tab.js  (0ms)  (pid 2817)
Compiled twitter/bootstrap/bootstrap-tooltip.js  (0ms)  (pid 2817)
Compiled twitter/bootstrap/bootstrap-popover.js  (0ms)  (pid 2817)
Compiled twitter/bootstrap/bootstrap-button.js  (0ms)  (pid 2817)
Compiled twitter/bootstrap/bootstrap-collapse.js  (0ms)  (pid 2817)
Compiled twitter/bootstrap/bootstrap-carousel.js  (0ms)  (pid 2817)
Compiled twitter/bootstrap/bootstrap-typeahead.js  (0ms)  (pid 2817)
Compiled twitter/bootstrap.js  (126ms)  (pid 2817)
Compiled jquery.effects.core.js  (0ms)  (pid 2817)
Compiled jquery.effects.blind.js  (9ms)  (pid 2817)
Compiled jquery.effects.bounce.js  (2ms)  (pid 2817)
Compiled jquery.effects.clip.js  (2ms)  (pid 2817)
Compiled jquery.effects.drop.js  (2ms)  (pid 2817)
Compiled jquery.effects.explode.js  (2ms)  (pid 2817)
Compiled jquery.effects.fade.js  (2ms)  (pid 2817)
Compiled jquery.effects.fold.js  (2ms)  (pid 2817)
Compiled jquery.effects.highlight.js  (2ms)  (pid 2817)
Compiled jquery.effects.pulsate.js  (2ms)  (pid 2817)
Compiled jquery.effects.scale.js  (2ms)  (pid 2817)
Compiled jquery.effects.shake.js  (2ms)  (pid 2817)
Compiled jquery.effects.slide.js  (2ms)  (pid 2817)
Compiled jquery.effects.transfer.js  (35ms)  (pid 2817)
Compiled jquery.ui.core.js  (1ms)  (pid 2817)
Compiled jquery.ui.widget.js  (0ms)  (pid 2817)
Compiled jquery.ui.accordion.js  (17ms)  (pid 2817)
Compiled jquery.ui.position.js  (0ms)  (pid 2817)
Compiled jquery.ui.autocomplete.js  (11ms)  (pid 2817)
Compiled jquery.ui.button.js  (3ms)  (pid 2817)
Compiled jquery.ui.datepicker.js  (3ms)  (pid 2817)
Compiled jquery.ui.dialog.js  (7ms)  (pid 2817)
Compiled jquery.ui.mouse.js  (4ms)  (pid 2817)
Compiled jquery.ui.draggable.js  (48ms)  (pid 2817)
Compiled jquery.ui.droppable.js  (8ms)  (pid 2817)
Compiled jquery.ui.progressbar.js  (4ms)  (pid 2817)
Compiled jquery.ui.resizable.js  (5ms)  (pid 2817)
Compiled jquery.ui.selectable.js  (6ms)  (pid 2817)
Compiled jquery.ui.slider.js  (6ms)  (pid 2817)
Compiled jquery.ui.sortable.js  (5ms)  (pid 2817)
Compiled jquery.ui.tabs.js  (4ms)  (pid 2817)
Compiled jquery.ui.all.js  (526ms)  (pid 2817)
Compiled application.js  (716ms)  (pid 2817)
Compiled twitter/bootstrap.css  (378ms)  (pid 2817)
Compiled jquery.ui.core.css  (1ms)  (pid 2817)
Compiled jquery.ui.theme.css  (8ms)  (pid 2817)
Compiled jquery.ui.accordion.css  (16ms)  (pid 2817)
Compiled jquery.ui.autocomplete.css  (3ms)  (pid 2817)
Compiled jquery.ui.button.css  (4ms)  (pid 2817)
Compiled jquery.ui.datepicker.css  (7ms)  (pid 2817)
Compiled jquery.ui.dialog.css  (4ms)  (pid 2817)
Compiled jquery.ui.progressbar.css  (4ms)  (pid 2817)
Compiled jquery.ui.resizable.css  (3ms)  (pid 2817)
Compiled jquery.ui.selectable.css  (4ms)  (pid 2817)
Compiled jquery.ui.slider.css  (5ms)  (pid 2817)
Compiled jquery.ui.tabs.css  (3ms)  (pid 2817)
Compiled jquery.ui.base.css  (183ms)  (pid 2817)
Compiled jquery.ui.all.css  (194ms)  (pid 2817)
Compiled bootstrap.css  (550ms)  (pid 2817)
Compiled custom.css  (2ms)  (pid 2817)
Compiled application.css  (1166ms)  (pid 2817)
Compiled jquery.js  (1ms)  (pid 4390)
Compiled jquery_ujs.js  (0ms)  (pid 4390)
Compiled twitter/bootstrap/bootstrap-transition.js  (0ms)  (pid 4390)
Compiled twitter/bootstrap/bootstrap-alert.js  (0ms)  (pid 4390)
Compiled twitter/bootstrap/bootstrap-modal.js  (0ms)  (pid 4390)
Compiled twitter/bootstrap/bootstrap-dropdown.js  (0ms)  (pid 4390)
Compiled twitter/bootstrap/bootstrap-scrollspy.js  (0ms)  (pid 4390)
Compiled twitter/bootstrap/bootstrap-tab.js  (0ms)  (pid 4390)
Compiled twitter/bootstrap/bootstrap-tooltip.js  (0ms)  (pid 4390)
Compiled twitter/bootstrap/bootstrap-popover.js  (0ms)  (pid 4390)
Compiled twitter/bootstrap/bootstrap-button.js  (0ms)  (pid 4390)
Compiled twitter/bootstrap/bootstrap-collapse.js  (0ms)  (pid 4390)
Compiled twitter/bootstrap/bootstrap-carousel.js  (0ms)  (pid 4390)
Compiled twitter/bootstrap/bootstrap-typeahead.js  (0ms)  (pid 4390)
Compiled twitter/bootstrap.js  (139ms)  (pid 4390)
Compiled jquery.effects.core.js  (0ms)  (pid 4390)
Compiled jquery.effects.blind.js  (6ms)  (pid 4390)
Compiled jquery.effects.bounce.js  (1ms)  (pid 4390)
Compiled jquery.effects.clip.js  (1ms)  (pid 4390)
Compiled jquery.effects.drop.js  (1ms)  (pid 4390)
Compiled jquery.effects.explode.js  (1ms)  (pid 4390)
Compiled jquery.effects.fade.js  (1ms)  (pid 4390)
Compiled jquery.effects.fold.js  (1ms)  (pid 4390)
Compiled jquery.effects.highlight.js  (1ms)  (pid 4390)
Compiled jquery.effects.pulsate.js  (1ms)  (pid 4390)
Compiled jquery.effects.scale.js  (1ms)  (pid 4390)
Compiled jquery.effects.shake.js  (1ms)  (pid 4390)
Compiled jquery.effects.slide.js  (1ms)  (pid 4390)
Compiled jquery.effects.transfer.js  (1ms)  (pid 4390)
Compiled jquery.ui.core.js  (1ms)  (pid 4390)
Compiled jquery.ui.widget.js  (0ms)  (pid 4390)
Compiled jquery.ui.accordion.js  (13ms)  (pid 4390)
Compiled jquery.ui.position.js  (0ms)  (pid 4390)
Compiled jquery.ui.autocomplete.js  (8ms)  (pid 4390)
Compiled jquery.ui.button.js  (2ms)  (pid 4390)
Compiled jquery.ui.datepicker.js  (2ms)  (pid 4390)
Compiled jquery.ui.dialog.js  (3ms)  (pid 4390)
Compiled jquery.ui.mouse.js  (4ms)  (pid 4390)
Compiled jquery.ui.draggable.js  (16ms)  (pid 4390)
Compiled jquery.ui.droppable.js  (5ms)  (pid 4390)
Compiled jquery.ui.progressbar.js  (2ms)  (pid 4390)
Compiled jquery.ui.resizable.js  (26ms)  (pid 4390)
Compiled jquery.ui.selectable.js  (3ms)  (pid 4390)
Compiled jquery.ui.slider.js  (4ms)  (pid 4390)
Compiled jquery.ui.sortable.js  (3ms)  (pid 4390)
Compiled jquery.ui.tabs.js  (2ms)  (pid 4390)
Compiled jquery.ui.all.js  (335ms)  (pid 4390)
Compiled application.js  (519ms)  (pid 4390)
Compiled twitter/bootstrap.css  (372ms)  (pid 4390)
Compiled jquery.ui.core.css  (1ms)  (pid 4390)
Compiled jquery.ui.theme.css  (142ms)  (pid 4390)
Compiled jquery.ui.accordion.css  (150ms)  (pid 4390)
Compiled jquery.ui.autocomplete.css  (4ms)  (pid 4390)
Compiled jquery.ui.button.css  (3ms)  (pid 4390)
Compiled jquery.ui.datepicker.css  (4ms)  (pid 4390)
Compiled jquery.ui.dialog.css  (3ms)  (pid 4390)
Compiled jquery.ui.progressbar.css  (4ms)  (pid 4390)
Compiled jquery.ui.resizable.css  (3ms)  (pid 4390)
Compiled jquery.ui.selectable.css  (3ms)  (pid 4390)
Compiled jquery.ui.slider.css  (3ms)  (pid 4390)
Compiled jquery.ui.tabs.css  (3ms)  (pid 4390)
Compiled jquery.ui.base.css  (284ms)  (pid 4390)
Compiled jquery.ui.all.css  (293ms)  (pid 4390)
Compiled bootstrap.css  (504ms)  (pid 4390)
Compiled custom.css  (1ms)  (pid 4390)
Compiled application.css  (1192ms)  (pid 4390)
Compiled jquery.js  (27ms)  (pid 4390)
Compiled jquery_ujs.js  (0ms)  (pid 4390)
Compiled twitter/bootstrap/bootstrap-transition.js  (0ms)  (pid 4390)
Compiled twitter/bootstrap/bootstrap-alert.js  (0ms)  (pid 4390)
Compiled twitter/bootstrap/bootstrap-modal.js  (0ms)  (pid 4390)
Compiled twitter/bootstrap/bootstrap-dropdown.js  (0ms)  (pid 4390)
Compiled twitter/bootstrap/bootstrap-scrollspy.js  (0ms)  (pid 4390)
Compiled twitter/bootstrap/bootstrap-tab.js  (0ms)  (pid 4390)
Compiled twitter/bootstrap/bootstrap-tooltip.js  (0ms)  (pid 4390)
Compiled twitter/bootstrap/bootstrap-popover.js  (0ms)  (pid 4390)
Compiled twitter/bootstrap/bootstrap-button.js  (0ms)  (pid 4390)
Compiled twitter/bootstrap/bootstrap-collapse.js  (0ms)  (pid 4390)
Compiled twitter/bootstrap/bootstrap-carousel.js  (0ms)  (pid 4390)
Compiled twitter/bootstrap/bootstrap-typeahead.js  (0ms)  (pid 4390)
Compiled twitter/bootstrap.js  (96ms)  (pid 4390)
Compiled jquery.effects.core.js  (0ms)  (pid 4390)
Compiled jquery.effects.blind.js  (5ms)  (pid 4390)
Compiled jquery.effects.bounce.js  (2ms)  (pid 4390)
Compiled jquery.effects.clip.js  (1ms)  (pid 4390)
Compiled jquery.effects.drop.js  (2ms)  (pid 4390)
Compiled jquery.effects.explode.js  (1ms)  (pid 4390)
Compiled jquery.effects.fade.js  (2ms)  (pid 4390)
Compiled jquery.effects.fold.js  (1ms)  (pid 4390)
Compiled jquery.effects.highlight.js  (1ms)  (pid 4390)
Compiled jquery.effects.pulsate.js  (1ms)  (pid 4390)
Compiled jquery.effects.scale.js  (1ms)  (pid 4390)
Compiled jquery.effects.shake.js  (1ms)  (pid 4390)
Compiled jquery.effects.slide.js  (1ms)  (pid 4390)
Compiled jquery.effects.transfer.js  (2ms)  (pid 4390)
Compiled jquery.ui.core.js  (1ms)  (pid 4390)
Compiled jquery.ui.widget.js  (0ms)  (pid 4390)
Compiled jquery.ui.accordion.js  (14ms)  (pid 4390)
Compiled jquery.ui.position.js  (0ms)  (pid 4390)
Compiled jquery.ui.autocomplete.js  (12ms)  (pid 4390)
Compiled jquery.ui.button.js  (3ms)  (pid 4390)
Compiled jquery.ui.datepicker.js  (2ms)  (pid 4390)
Compiled jquery.ui.dialog.js  (4ms)  (pid 4390)
Compiled jquery.ui.mouse.js  (2ms)  (pid 4390)
Compiled jquery.ui.draggable.js  (36ms)  (pid 4390)
Compiled jquery.ui.droppable.js  (6ms)  (pid 4390)
Compiled jquery.ui.progressbar.js  (3ms)  (pid 4390)
Compiled jquery.ui.resizable.js  (7ms)  (pid 4390)
Compiled jquery.ui.selectable.js  (5ms)  (pid 4390)
Compiled jquery.ui.slider.js  (7ms)  (pid 4390)
Compiled jquery.ui.sortable.js  (4ms)  (pid 4390)
Compiled jquery.ui.tabs.js  (2ms)  (pid 4390)
Compiled jquery.ui.all.js  (390ms)  (pid 4390)
Compiled application.js  (546ms)  (pid 4390)
Compiled twitter/bootstrap.css  (341ms)  (pid 4390)
Compiled jquery.ui.core.css  (1ms)  (pid 4390)
Compiled jquery.ui.theme.css  (8ms)  (pid 4390)
Compiled jquery.ui.accordion.css  (15ms)  (pid 4390)
Compiled jquery.ui.autocomplete.css  (3ms)  (pid 4390)
Compiled jquery.ui.button.css  (3ms)  (pid 4390)
Compiled jquery.ui.datepicker.css  (4ms)  (pid 4390)
Compiled jquery.ui.dialog.css  (3ms)  (pid 4390)
Compiled jquery.ui.progressbar.css  (38ms)  (pid 4390)
Compiled jquery.ui.resizable.css  (4ms)  (pid 4390)
Compiled jquery.ui.selectable.css  (3ms)  (pid 4390)
Compiled jquery.ui.slider.css  (4ms)  (pid 4390)
Compiled jquery.ui.tabs.css  (3ms)  (pid 4390)
Compiled jquery.ui.base.css  (171ms)  (pid 4390)
Compiled jquery.ui.all.css  (180ms)  (pid 4390)
Compiled bootstrap.css  (471ms)  (pid 4390)
Compiled custom.css  (1ms)  (pid 4390)
Compiled application.css  (1030ms)  (pid 4390)
Compiled jquery.js  (2ms)  (pid 5630)
Compiled jquery_ujs.js  (0ms)  (pid 5630)
Compiled twitter/bootstrap/bootstrap-transition.js  (0ms)  (pid 5630)
Compiled twitter/bootstrap/bootstrap-alert.js  (0ms)  (pid 5630)
Compiled twitter/bootstrap/bootstrap-modal.js  (1ms)  (pid 5630)
Compiled twitter/bootstrap/bootstrap-dropdown.js  (0ms)  (pid 5630)
Compiled twitter/bootstrap/bootstrap-scrollspy.js  (0ms)  (pid 5630)
Compiled twitter/bootstrap/bootstrap-tab.js  (0ms)  (pid 5630)
Compiled twitter/bootstrap/bootstrap-tooltip.js  (0ms)  (pid 5630)
Compiled twitter/bootstrap/bootstrap-popover.js  (0ms)  (pid 5630)
Compiled twitter/bootstrap/bootstrap-button.js  (0ms)  (pid 5630)
Compiled twitter/bootstrap/bootstrap-collapse.js  (0ms)  (pid 5630)
Compiled twitter/bootstrap/bootstrap-carousel.js  (0ms)  (pid 5630)
Compiled twitter/bootstrap/bootstrap-typeahead.js  (0ms)  (pid 5630)
Compiled twitter/bootstrap.js  (105ms)  (pid 5630)
Compiled jquery.effects.core.js  (0ms)  (pid 5630)
Compiled jquery.effects.blind.js  (6ms)  (pid 5630)
Compiled jquery.effects.bounce.js  (1ms)  (pid 5630)
Compiled jquery.effects.clip.js  (1ms)  (pid 5630)
Compiled jquery.effects.drop.js  (1ms)  (pid 5630)
Compiled jquery.effects.explode.js  (1ms)  (pid 5630)
Compiled jquery.effects.fade.js  (1ms)  (pid 5630)
Compiled jquery.effects.fold.js  (1ms)  (pid 5630)
Compiled jquery.effects.highlight.js  (1ms)  (pid 5630)
Compiled jquery.effects.pulsate.js  (1ms)  (pid 5630)
Compiled jquery.effects.scale.js  (1ms)  (pid 5630)
Compiled jquery.effects.shake.js  (1ms)  (pid 5630)
Compiled jquery.effects.slide.js  (1ms)  (pid 5630)
Compiled jquery.effects.transfer.js  (1ms)  (pid 5630)
Compiled jquery.ui.core.js  (0ms)  (pid 5630)
Compiled jquery.ui.widget.js  (0ms)  (pid 5630)
Compiled jquery.ui.accordion.js  (12ms)  (pid 5630)
Compiled jquery.ui.position.js  (0ms)  (pid 5630)
Compiled jquery.ui.autocomplete.js  (8ms)  (pid 5630)
Compiled jquery.ui.button.js  (3ms)  (pid 5630)
Compiled jquery.ui.datepicker.js  (1ms)  (pid 5630)
Compiled jquery.ui.dialog.js  (4ms)  (pid 5630)
Compiled jquery.ui.mouse.js  (2ms)  (pid 5630)
Compiled jquery.ui.draggable.js  (11ms)  (pid 5630)
Compiled jquery.ui.droppable.js  (5ms)  (pid 5630)
Compiled jquery.ui.progressbar.js  (2ms)  (pid 5630)
Compiled jquery.ui.resizable.js  (3ms)  (pid 5630)
Compiled jquery.ui.selectable.js  (4ms)  (pid 5630)
Compiled jquery.ui.slider.js  (3ms)  (pid 5630)
Compiled jquery.ui.sortable.js  (4ms)  (pid 5630)
Compiled jquery.ui.tabs.js  (2ms)  (pid 5630)
Compiled jquery.ui.all.js  (350ms)  (pid 5630)
Compiled application.js  (490ms)  (pid 5630)
Compiled twitter/bootstrap.css  (413ms)  (pid 5630)
Compiled jquery.ui.core.css  (1ms)  (pid 5630)
Compiled jquery.ui.theme.css  (142ms)  (pid 5630)
Compiled jquery.ui.accordion.css  (151ms)  (pid 5630)
Compiled jquery.ui.autocomplete.css  (4ms)  (pid 5630)
Compiled jquery.ui.button.css  (3ms)  (pid 5630)
Compiled jquery.ui.datepicker.css  (5ms)  (pid 5630)
Compiled jquery.ui.dialog.css  (3ms)  (pid 5630)
Compiled jquery.ui.progressbar.css  (31ms)  (pid 5630)
Compiled jquery.ui.resizable.css  (3ms)  (pid 5630)
Compiled jquery.ui.selectable.css  (3ms)  (pid 5630)
Compiled jquery.ui.slider.css  (3ms)  (pid 5630)
Compiled jquery.ui.tabs.css  (3ms)  (pid 5630)
Compiled jquery.ui.base.css  (286ms)  (pid 5630)
Compiled jquery.ui.all.css  (295ms)  (pid 5630)
Compiled bootstrap.css  (492ms)  (pid 5630)
Compiled custom.css  (1ms)  (pid 5630)
Compiled application.css  (1251ms)  (pid 5630)
Compiled jquery.js  (2ms)  (pid 5630)
Compiled jquery_ujs.js  (0ms)  (pid 5630)
Compiled twitter/bootstrap/bootstrap-transition.js  (0ms)  (pid 5630)
Compiled twitter/bootstrap/bootstrap-alert.js  (0ms)  (pid 5630)
Compiled twitter/bootstrap/bootstrap-modal.js  (0ms)  (pid 5630)
Compiled twitter/bootstrap/bootstrap-dropdown.js  (0ms)  (pid 5630)
Compiled twitter/bootstrap/bootstrap-scrollspy.js  (0ms)  (pid 5630)
Compiled twitter/bootstrap/bootstrap-tab.js  (0ms)  (pid 5630)
Compiled twitter/bootstrap/bootstrap-tooltip.js  (0ms)  (pid 5630)
Compiled twitter/bootstrap/bootstrap-popover.js  (0ms)  (pid 5630)
Compiled twitter/bootstrap/bootstrap-button.js  (0ms)  (pid 5630)
Compiled twitter/bootstrap/bootstrap-collapse.js  (0ms)  (pid 5630)
Compiled twitter/bootstrap/bootstrap-carousel.js  (0ms)  (pid 5630)
Compiled twitter/bootstrap/bootstrap-typeahead.js  (0ms)  (pid 5630)
Compiled twitter/bootstrap.js  (138ms)  (pid 5630)
Compiled jquery.effects.core.js  (0ms)  (pid 5630)
Compiled jquery.effects.blind.js  (5ms)  (pid 5630)
Compiled jquery.effects.bounce.js  (2ms)  (pid 5630)
Compiled jquery.effects.clip.js  (2ms)  (pid 5630)
Compiled jquery.effects.drop.js  (2ms)  (pid 5630)
Compiled jquery.effects.explode.js  (3ms)  (pid 5630)
Compiled jquery.effects.fade.js  (1ms)  (pid 5630)
Compiled jquery.effects.fold.js  (2ms)  (pid 5630)
Compiled jquery.effects.highlight.js  (2ms)  (pid 5630)
Compiled jquery.effects.pulsate.js  (2ms)  (pid 5630)
Compiled jquery.effects.scale.js  (2ms)  (pid 5630)
Compiled jquery.effects.shake.js  (2ms)  (pid 5630)
Compiled jquery.effects.slide.js  (2ms)  (pid 5630)
Compiled jquery.effects.transfer.js  (2ms)  (pid 5630)
Compiled jquery.ui.core.js  (1ms)  (pid 5630)
Compiled jquery.ui.widget.js  (0ms)  (pid 5630)
Compiled jquery.ui.accordion.js  (17ms)  (pid 5630)
Compiled jquery.ui.position.js  (0ms)  (pid 5630)
Compiled jquery.ui.autocomplete.js  (10ms)  (pid 5630)
Compiled jquery.ui.button.js  (4ms)  (pid 5630)
Compiled jquery.ui.datepicker.js  (3ms)  (pid 5630)
Compiled jquery.ui.dialog.js  (5ms)  (pid 5630)
Compiled jquery.ui.mouse.js  (5ms)  (pid 5630)
Compiled jquery.ui.draggable.js  (21ms)  (pid 5630)
Compiled jquery.ui.droppable.js  (9ms)  (pid 5630)
Compiled jquery.ui.progressbar.js  (4ms)  (pid 5630)
Compiled jquery.ui.resizable.js  (7ms)  (pid 5630)
Compiled jquery.ui.selectable.js  (7ms)  (pid 5630)
Compiled jquery.ui.slider.js  (6ms)  (pid 5630)
Compiled jquery.ui.sortable.js  (7ms)  (pid 5630)
Compiled jquery.ui.tabs.js  (4ms)  (pid 5630)
Compiled jquery.ui.all.js  (425ms)  (pid 5630)
Compiled application.js  (644ms)  (pid 5630)
Compiled twitter/bootstrap.css  (338ms)  (pid 5630)
Compiled jquery.ui.core.css  (1ms)  (pid 5630)
Compiled jquery.ui.theme.css  (8ms)  (pid 5630)
Compiled jquery.ui.accordion.css  (15ms)  (pid 5630)
Compiled jquery.ui.autocomplete.css  (4ms)  (pid 5630)
Compiled jquery.ui.button.css  (4ms)  (pid 5630)
Compiled jquery.ui.datepicker.css  (4ms)  (pid 5630)
Compiled jquery.ui.dialog.css  (3ms)  (pid 5630)
Compiled jquery.ui.progressbar.css  (3ms)  (pid 5630)
Compiled jquery.ui.resizable.css  (3ms)  (pid 5630)
Compiled jquery.ui.selectable.css  (24ms)  (pid 5630)
Compiled jquery.ui.slider.css  (3ms)  (pid 5630)
Compiled jquery.ui.tabs.css  (3ms)  (pid 5630)
Compiled jquery.ui.base.css  (191ms)  (pid 5630)
Compiled jquery.ui.all.css  (200ms)  (pid 5630)
Compiled bootstrap.css  (482ms)  (pid 5630)
Compiled custom.css  (1ms)  (pid 5630)
Compiled application.css  (1040ms)  (pid 5630)
